#
# A fatal error has been detected by the Java Runtime Environment:
#
#  EXCEPTION_ACCESS_VIOLATION (0xc0000005) at pc=0x0000000077b9105c, pid=4728, tid=3656
#
# JRE version: Java(TM) SE Runtime Environment (8.0_31-b13) (build 1.8.0_31-b13)
# Java VM: Java HotSpot(TM) 64-Bit Server VM (25.31-b07 mixed mode windows-amd64 compressed oops)
# Problematic frame:
# C  [ntdll.dll+0x5105c]
#
# Failed to write core dump. Minidumps are not enabled by default on client versions of Windows
#
# If you would like to submit a bug report, please visit:
#   http://bugreport.java.com/bugreport/crash.jsp
#

---------------  T H R E A D  ---------------

Current thread (0x0000000059db3800):  JavaThread "AWT-EventQueue-0" [_thread_in_vm, id=3656, stack(0x000000005e2a0000,0x000000005e3a0000)]

siginfo: ExceptionCode=0xc0000005, reading address 0x00000001912556a8

Registers:
RAX=0x0000008c00000000, RBX=0x00000001912556a0, RCX=0x000000ffffffffff, RDX=0x0000000000000000
RSP=0x000000005e39ce70, RBP=0x0000000059ae6bd0, RSI=0x0000000000000000, RDI=0x0000000000000000
R8 =0x0000000059ae6bc0, R9 =0x0000000000000700, R10=0x0000000056cc3bb0, R11=0x00000000020b8e60
R12=0x0000000002190000, R13=0x0000000000000000, R14=0x000000005763f500, R15=0x0000000059a8f0c0
RIP=0x0000000077b9105c, EFLAGS=0x0000000000010206

Top of Stack: (sp=0x000000005e39ce70)
0x000000005e39ce70:   0000000058e882a8 000000005fafc414
0x000000005e39ce80:   00000002128f2197 0000000000010100
0x000000005e39ce90:   0000000058e882b0 000000005e39ce48
0x000000005e39cea0:   000000005e39cf30 000000005f9257c5
0x000000005e39ceb0:   0000000059a8f0c0 000000005763f500
0x000000005e39cec0:   0000000059db3800 0000000002161598
0x000000005e39ced0:   0000000000000001 0000000000000000
0x000000005e39cee0:   0000000059ae6bd0 0000000077941a7a
0x000000005e39cef0:   000000005e39002f 0000000000000000
0x000000005e39cf00:   00000000020fefd0 0000000058e882b0
0x000000005e39cf10:   0000000000000000 000000005e0a8d94
0x000000005e39cf20:   00000000000003d8 0000000058e882b0
0x000000005e39cf30:   0000000000000000 000000000017725e
0x000000005e39cf40:   0000000059ae6bd0 000000005f937bb6
0x000000005e39cf50:   0000000059ae6bd0 00000000020b8f00
0x000000005e39cf60:   0000000058ef6104 0000000058ef6120 

Instructions: (pc=0x0000000077b9105c)
0x0000000077b9103c:   ff ff 00 00 00 49 33 dc 48 23 c1 48 c1 eb 04 48
0x0000000077b9104c:   33 d8 48 33 1d 73 c3 0d 00 48 c1 e3 04 0f 0d 0b
0x0000000077b9105c:   48 8b 7b 08 49 bd 01 00 00 00 01 00 00 00 49 be
0x0000000077b9106c:   ff 7f 00 00 ff ff ff ff 41 c6 40 0f 80 41 88 70 


Register to memory mapping:

RAX=0x0000008c00000000 is an unknown value
RBX=0x00000001912556a0 is an unknown value
RCX=0x000000ffffffffff is an unknown value
RDX=0x0000000000000000 is an unknown value
RSP=0x000000005e39ce70 is pointing into the stack for thread: 0x0000000059db3800
RBP=0x0000000059ae6bd0 is an unknown value
RSI=0x0000000000000000 is an unknown value
RDI=0x0000000000000000 is an unknown value
R8 =0x0000000059ae6bc0 is an unknown value
R9 =0x0000000000000700 is an unknown value
R10={method} {0x0000000056cc3bb8} 'loadClass' '(Ljava/lang/String;)Ljava/lang/Class;' in 'java/lang/ClassLoader'
R11=0x00000000020b8e60 is an unknown value
R12=0x0000000002190000 is an unknown value
R13=0x0000000000000000 is an unknown value
R14=0x000000005763f500 is an unknown value
R15=0x0000000059a8f0c0 is an unknown value


Stack: [0x000000005e2a0000,0x000000005e3a0000],  sp=0x000000005e39ce70,  free space=1011k
Native frames: (J=compiled Java code, j=interpreted, Vv=VM code, C=native code)
C  [ntdll.dll+0x5105c]
C  [kernel32.dll+0x21a7a]
C  [msvcr100.dll+0x68d94]
V  [jvm.dll+0x67bb6]
V  [jvm.dll+0x67f98]
V  [jvm.dll+0x71697]
V  [jvm.dll+0x72bb6]
V  [jvm.dll+0x72c0d]
V  [jvm.dll+0xe83d3]
V  [jvm.dll+0xad223]
V  [jvm.dll+0xad3df]
C  0x00000000028c2de3

Java frames: (J=compiled Java code, j=interpreted, Vv=VM code)
j  com.sun.opengl.impl.windows.WindowsGLContext.getWGLExt()Lcom/sun/opengl/impl/windows/WGLExt;+8
j  com.sun.opengl.impl.windows.WindowsGLContext.getPlatformExtensionsString()Ljava/lang/String;+39
j  com.sun.opengl.impl.FunctionAvailabilityCache.initAvailableExtensions()V+60
j  com.sun.opengl.impl.FunctionAvailabilityCache.isExtensionAvailable(Ljava/lang/String;)Z+1
j  com.sun.opengl.impl.GLContextImpl.isExtensionAvailable(Ljava/lang/String;)Z+9
j  com.sun.opengl.impl.GLImpl.isExtensionAvailable(Ljava/lang/String;)Z+5
j  com.sun.opengl.impl.GLImpl.initBufferObjectExtensionChecks()V+18
j  com.sun.opengl.impl.GLImpl.checkArrayVBODisabled()V+1
j  com.sun.opengl.impl.GLImpl.glVertexPointer(IIILjava/nio/Buffer;)V+1
j  MainFrame$objModel.Draw()V+90
j  MainFrame.drawObjects()V+31
j  MainFrame.makeShadowMap()V+193
j  MainFrame.display(Ljavax/media/opengl/GLAutoDrawable;)V+109
j  com.sun.opengl.impl.GLDrawableHelper.display(Ljavax/media/opengl/GLAutoDrawable;)V+29
j  javax.media.opengl.GLCanvas$DisplayAction.run()V+80
j  com.sun.opengl.impl.GLDrawableHelper.invokeGL(Ljavax/media/opengl/GLDrawable;Ljavax/media/opengl/GLContext;Ljava/lang/Runnable;Ljava/lang/Runnable;)V+418
j  javax.media.opengl.GLCanvas$DisplayOnEventDispatchThreadAction.run()V+35
j  java.awt.event.InvocationEvent.dispatch()V+11
j  java.awt.EventQueue.dispatchEventImpl(Ljava/awt/AWTEvent;Ljava/lang/Object;)V+21
j  java.awt.EventQueue.access$500(Ljava/awt/EventQueue;Ljava/awt/AWTEvent;Ljava/lang/Object;)V+3
j  java.awt.EventQueue$3.run()Ljava/lang/Void;+32
j  java.awt.EventQueue$3.run()Ljava/lang/Object;+1
v  ~StubRoutines::call_stub
j  java.security.AccessController.doPrivileged(Ljava/security/PrivilegedAction;Ljava/security/AccessControlContext;)Ljava/lang/Object;+0
j  java.security.ProtectionDomain$1.doIntersectionPrivilege(Ljava/security/PrivilegedAction;Ljava/security/AccessControlContext;Ljava/security/AccessControlContext;)Ljava/lang/Object;+28
j  java.awt.EventQueue.dispatchEvent(Ljava/awt/AWTEvent;)V+46
j  java.awt.EventDispatchThread.pumpOneEventForFilters(I)V+245
j  java.awt.EventDispatchThread.pumpEventsForFilter(ILjava/awt/Conditional;Ljava/awt/EventFilter;)V+35
j  java.awt.EventDispatchThread.pumpEventsForHierarchy(ILjava/awt/Conditional;Ljava/awt/Component;)V+11
j  java.awt.EventDispatchThread.pumpEvents(ILjava/awt/Conditional;)V+4
j  java.awt.EventDispatchThread.pumpEvents(Ljava/awt/Conditional;)V+3
j  java.awt.EventDispatchThread.run()V+9
v  ~StubRoutines::call_stub

---------------  P R O C E S S  ---------------

Java Threads: ( => current thread )
  0x0000000059b48000 JavaThread "D3D Screen Updater" daemon [_thread_blocked, id=2652, stack(0x000000005f460000,0x000000005f560000)]
  0x000000000219d800 JavaThread "DestroyJavaVM" [_thread_blocked, id=4632, stack(0x00000000024d0000,0x00000000025d0000)]
  0x0000000059b0a800 JavaThread "Timer-0" [_thread_blocked, id=4212, stack(0x000000005f350000,0x000000005f450000)]
=>0x0000000059db3800 JavaThread "AWT-EventQueue-0" [_thread_in_vm, id=3656, stack(0x000000005e2a0000,0x000000005e3a0000)]
  0x0000000059900800 JavaThread "AWT-Windows" daemon [_thread_in_native, id=2956, stack(0x000000005a140000,0x000000005a240000)]
  0x00000000591fe000 JavaThread "AWT-Shutdown" [_thread_blocked, id=5440, stack(0x0000000059800000,0x0000000059900000)]
  0x00000000591f9000 JavaThread "Java2D Disposer" daemon [_thread_blocked, id=2244, stack(0x0000000059480000,0x0000000059580000)]
  0x0000000058e81000 JavaThread "Service Thread" daemon [_thread_blocked, id=328, stack(0x0000000059330000,0x0000000059430000)]
  0x0000000058e09000 JavaThread "C1 CompilerThread2" daemon [_thread_blocked, id=4100, stack(0x0000000058710000,0x0000000058810000)]
  0x0000000058e00800 JavaThread "C2 CompilerThread1" daemon [_thread_blocked, id=5964, stack(0x0000000059210000,0x0000000059310000)]
  0x00000000576a8800 JavaThread "C2 CompilerThread0" daemon [_thread_blocked, id=3848, stack(0x0000000058d00000,0x0000000058e00000)]
  0x00000000576a3000 JavaThread "Attach Listener" daemon [_thread_blocked, id=4584, stack(0x0000000058490000,0x0000000058590000)]
  0x00000000576a0000 JavaThread "Signal Dispatcher" daemon [_thread_blocked, id=2608, stack(0x0000000058b80000,0x0000000058c80000)]
  0x000000005763c800 JavaThread "Finalizer" daemon [_thread_blocked, id=4880, stack(0x00000000589e0000,0x0000000058ae0000)]
  0x0000000057639000 JavaThread "Reference Handler" daemon [_thread_blocked, id=4916, stack(0x0000000058850000,0x0000000058950000)]

Other Threads:
  0x0000000057635800 VMThread [stack: 0x0000000058610000,0x0000000058710000] [id=1760]
  0x0000000058e84000 WatcherThread [stack: 0x0000000059600000,0x0000000059700000] [id=2136]

VM state:not at safepoint (normal execution)

VM Mutex/Monitor currently owned by a thread:  ([mutex/lock_event])
[0x000000000219b490] SystemDictionary_lock - owner thread: 0x0000000059db3800

Heap:
 PSYoungGen      total 38400K, used 12642K [0x00000000d5700000, 0x00000000d8180000, 0x0000000100000000)
  eden space 33280K, 37% used [0x00000000d5700000,0x00000000d6358a58,0x00000000d7780000)
  from space 5120K, 0% used [0x00000000d7c80000,0x00000000d7c80000,0x00000000d8180000)
  to   space 5120K, 0% used [0x00000000d7780000,0x00000000d7780000,0x00000000d7c80000)
 ParOldGen       total 87552K, used 0K [0x0000000080400000, 0x0000000085980000, 0x00000000d5700000)
  object space 87552K, 0% used [0x0000000080400000,0x0000000080400000,0x0000000085980000)
 Metaspace       used 10603K, capacity 10756K, committed 11008K, reserved 1058816K
  class space    used 1186K, capacity 1236K, committed 1280K, reserved 1048576K

Card table byte_map: [0x0000000011c60000,0x0000000012060000] byte_map_base: 0x000000001185e000

Marking Bits: (ParMarkBitMap*) 0x00000000600ad4f0
 Begin Bits: [0x00000000128d0000, 0x00000000148c0000)
 End Bits:   [0x00000000148c0000, 0x00000000168b0000)

Polling page: 0x0000000000220000

CodeCache: size=245760Kb used=2422Kb max_used=2422Kb free=243337Kb
 bounds [0x00000000028a0000, 0x0000000002b10000, 0x00000000118a0000]
 total_blobs=1156 nmethods=534 adapters=536
 compilation: enabled

Compilation events (10 events):
Event: 0.456 Thread 0x0000000058e09000 nmethod 523 0x0000000002afd810 code [0x0000000002afd9c0, 0x0000000002afe0d8]
Event: 0.456 Thread 0x0000000058e09000  524       3       sun.reflect.FieldAccessorImpl::<init> (5 bytes)
Event: 0.456 Thread 0x0000000058e00800 nmethod 533 0x0000000002afe2d0 code [0x0000000002afe420, 0x0000000002afe598]
Event: 0.456 Thread 0x0000000058e09000 nmethod 524 0x0000000002afd3d0 code [0x0000000002afd540, 0x0000000002afd750]
Event: 0.456 Thread 0x0000000058e09000  525       3       sun.reflect.UnsafeFieldAccessorImpl::ensureObj (23 bytes)
Event: 0.456 Thread 0x0000000058e09000 nmethod 525 0x0000000002afc610 code [0x0000000002afc7e0, 0x0000000002afd0d8]
Event: 0.456 Thread 0x0000000058e09000  530       3       sun.reflect.UnsafeLongFieldAccessorImpl::<init> (6 bytes)
Event: 0.457 Thread 0x0000000058e09000 nmethod 530 0x0000000002afc290 code [0x0000000002afc400, 0x0000000002afc588]
Event: 0.457 Thread 0x0000000058e09000  531       3       sun.reflect.UnsafeLongFieldAccessorImpl::setLong (30 bytes)
Event: 0.457 Thread 0x0000000058e09000 nmethod 531 0x0000000002afacd0 code [0x0000000002afaee0, 0x0000000002afbc88]

GC Heap History (0 events):
No events

Deoptimization events (0 events):
No events

Internal exceptions (10 events):
Event: 0.368 Thread 0x0000000059db3800 Exception <a 'java/security/PrivilegedActionException'> (0x00000000d5fc0650) thrown at [C:\workspace\8-2-build-windows-amd64-cygwin\jdk8u31\2394\hotspot\src\share\vm\prims\jvm.cpp, line 1312]
Event: 0.368 Thread 0x0000000059db3800 Exception <a 'java/security/PrivilegedActionException'> (0x00000000d5fc4f20) thrown at [C:\workspace\8-2-build-windows-amd64-cygwin\jdk8u31\2394\hotspot\src\share\vm\prims\jvm.cpp, line 1312]
Event: 0.369 Thread 0x0000000059db3800 Exception <a 'java/security/PrivilegedActionException'> (0x00000000d5fc8290) thrown at [C:\workspace\8-2-build-windows-amd64-cygwin\jdk8u31\2394\hotspot\src\share\vm\prims\jvm.cpp, line 1312]
Event: 0.369 Thread 0x0000000059db3800 Exception <a 'java/security/PrivilegedActionException'> (0x00000000d5fce3a8) thrown at [C:\workspace\8-2-build-windows-amd64-cygwin\jdk8u31\2394\hotspot\src\share\vm\prims\jvm.cpp, line 1312]
Event: 0.370 Thread 0x0000000059db3800 Exception <a 'java/security/PrivilegedActionException'> (0x00000000d5fd1f38) thrown at [C:\workspace\8-2-build-windows-amd64-cygwin\jdk8u31\2394\hotspot\src\share\vm\prims\jvm.cpp, line 1312]
Event: 0.370 Thread 0x0000000059db3800 Exception <a 'java/security/PrivilegedActionException'> (0x00000000d5fd74f8) thrown at [C:\workspace\8-2-build-windows-amd64-cygwin\jdk8u31\2394\hotspot\src\share\vm\prims\jvm.cpp, line 1312]
Event: 0.449 Thread 0x0000000059db3800 Exception <a 'java/security/PrivilegedActionException'> (0x00000000d5fdeac8) thrown at [C:\workspace\8-2-build-windows-amd64-cygwin\jdk8u31\2394\hotspot\src\share\vm\prims\jvm.cpp, line 1312]
Event: 0.450 Thread 0x0000000059db3800 Exception <a 'java/security/PrivilegedActionException'> (0x00000000d60077c0) thrown at [C:\workspace\8-2-build-windows-amd64-cygwin\jdk8u31\2394\hotspot\src\share\vm\prims\jvm.cpp, line 1312]
Event: 0.455 Thread 0x0000000059db3800 Exception <a 'java/security/PrivilegedActionException'> (0x00000000d6309ba0) thrown at [C:\workspace\8-2-build-windows-amd64-cygwin\jdk8u31\2394\hotspot\src\share\vm\prims\jvm.cpp, line 1312]
Event: 0.464 Thread 0x0000000059db3800 Exception <a 'java/security/PrivilegedActionException'> (0x00000000d63236a0) thrown at [C:\workspace\8-2-build-windows-amd64-cygwin\jdk8u31\2394\hotspot\src\share\vm\prims\jvm.cpp, line 1312]

Events (10 events):
Event: 0.449 loading class com/sun/opengl/impl/GLProcAddressTable
Event: 0.449 loading class com/sun/opengl/impl/GLProcAddressTable done
Event: 0.450 loading class com/sun/gluegen/runtime/ProcAddressHelper
Event: 0.450 loading class com/sun/gluegen/runtime/ProcAddressHelper done
Event: 0.452 loading class sun/reflect/UnsafeLongFieldAccessorImpl
Event: 0.452 loading class sun/reflect/UnsafeLongFieldAccessorImpl done
Event: 0.455 loading class com/sun/opengl/impl/windows/WGLExtProcAddressTable
Event: 0.455 loading class com/sun/opengl/impl/windows/WGLExtProcAddressTable done
Event: 0.464 loading class com/sun/opengl/impl/windows/WGLExtImpl
Event: 0.464 loading class com/sun/opengl/impl/windows/WGLExtImpl done


Dynamic libraries:
0x000000013f310000 - 0x000000013f344000 	C:\Program Files\Java\jre1.8.0_31\bin\javaw.exe
0x0000000077b40000 - 0x0000000077ce8000 	C:\Windows\SYSTEM32\ntdll.dll
0x0000000077920000 - 0x0000000077a3f000 	C:\Windows\system32\kernel32.dll
0x000007fefd9c0000 - 0x000007fefda2c000 	C:\Windows\system32\KERNELBASE.dll
0x000007fefdcc0000 - 0x000007fefdd9b000 	C:\Windows\system32\ADVAPI32.dll
0x000007fefdeb0000 - 0x000007fefdf4f000 	C:\Windows\system32\msvcrt.dll
0x000007fefde30000 - 0x000007fefde4f000 	C:\Windows\SYSTEM32\sechost.dll
0x000007feffb80000 - 0x000007feffcad000 	C:\Windows\system32\RPCRT4.dll
0x0000000077a40000 - 0x0000000077b3a000 	C:\Windows\system32\USER32.dll
0x000007fefdf50000 - 0x000007fefdfb7000 	C:\Windows\system32\GDI32.dll
0x000007fefde20000 - 0x000007fefde2e000 	C:\Windows\system32\LPK.dll
0x000007feff4b0000 - 0x000007feff579000 	C:\Windows\system32\USP10.dll
0x000007fefc460000 - 0x000007fefc654000 	C:\Windows\WinSxS\amd64_microsoft.windows.common-controls_6595b64144ccf1df_6.0.7601.17514_none_fa396087175ac9ac\COMCTL32.dll
0x000007fefed50000 - 0x000007fefedc1000 	C:\Windows\system32\SHLWAPI.dll
0x000007feffd10000 - 0x000007feffd3e000 	C:\Windows\system32\IMM32.DLL
0x000007feffd40000 - 0x000007feffe49000 	C:\Windows\system32\MSCTF.dll
0x000000005e040000 - 0x000000005e112000 	C:\Program Files\Java\jre1.8.0_31\bin\msvcr100.dll
0x000000005f8d0000 - 0x000000006012a000 	C:\Program Files\Java\jre1.8.0_31\bin\server\jvm.dll
0x000007fefa950000 - 0x000007fefa959000 	C:\Windows\system32\WSOCK32.dll
0x000007feffcb0000 - 0x000007feffcfd000 	C:\Windows\system32\WS2_32.dll
0x000007feffd00000 - 0x000007feffd08000 	C:\Windows\system32\NSI.dll
0x000007fefb8b0000 - 0x000007fefb8eb000 	C:\Windows\system32\WINMM.dll
0x0000000077d00000 - 0x0000000077d07000 	C:\Windows\system32\PSAPI.DLL
0x00000000638f0000 - 0x00000000638ff000 	C:\Program Files\Java\jre1.8.0_31\bin\verify.dll
0x00000000638c0000 - 0x00000000638e8000 	C:\Program Files\Java\jre1.8.0_31\bin\java.dll
0x00000000638a0000 - 0x00000000638b6000 	C:\Program Files\Java\jre1.8.0_31\bin\zip.dll
0x000007fefdfc0000 - 0x000007fefed49000 	C:\Windows\system32\SHELL32.dll
0x000007feff640000 - 0x000007feff843000 	C:\Windows\system32\ole32.dll
0x000007fefd910000 - 0x000007fefd91f000 	C:\Windows\system32\profapi.dll
0x000000005b060000 - 0x000000005b1f8000 	C:\Program Files\Java\jre1.8.0_31\bin\awt.dll
0x000007feff850000 - 0x000007feff927000 	C:\Windows\system32\OLEAUT32.dll
0x000007fefa7e0000 - 0x000007fefa7f8000 	C:\Windows\system32\DWMAPI.DLL
0x000007fefc0e0000 - 0x000007fefc136000 	C:\Windows\system32\uxtheme.dll
0x000007fee8c00000 - 0x000007fee8c25000 	C:\Program Files (x86)\Raptr\ltc_help64-94307.dll
0x000007fefdbc0000 - 0x000007fefdbfb000 	C:\Windows\system32\WINTRUST.dll
0x000007fefda30000 - 0x000007fefdb9d000 	C:\Windows\system32\CRYPT32.dll
0x000007fefd900000 - 0x000007fefd90f000 	C:\Windows\system32\MSASN1.dll
0x000007fefd7a0000 - 0x000007fefd7af000 	C:\Windows\system32\CRYPTBASE.dll
0x000007fee59c0000 - 0x000007fee5bbf000 	C:\Windows\system32\d3d9.dll
0x000007fefc950000 - 0x000007fefc95c000 	C:\Windows\system32\VERSION.dll
0x000007fee83c0000 - 0x000007fee83c7000 	C:\Windows\system32\d3d8thk.dll
0x000007fef78e0000 - 0x000007fef7a2c000 	C:\Windows\system32\aticfx64.dll
0x000007fee7190000 - 0x000007fee71b1000 	C:\Windows\system32\atiu9p64.dll
0x000007fee51c0000 - 0x000007fee59b6000 	C:\Windows\system32\atiumd64.dll
0x0000000067f90000 - 0x0000000068798000 	C:\Windows\system32\atiumd6a.dll
0x000007fefc960000 - 0x000007fefc98c000 	C:\Windows\system32\POWRPROF.dll
0x000007fefee70000 - 0x000007feff047000 	C:\Windows\system32\SETUPAPI.dll
0x000007fefd970000 - 0x000007fefd9a6000 	C:\Windows\system32\CFGMGR32.dll
0x000007fefdba0000 - 0x000007fefdbba000 	C:\Windows\system32\DEVOBJ.dll
0x00000000004e0000 - 0x000000000053a000 	C:\Users\alex\workspace\lib\jogl.dll
0x000007fef4500000 - 0x000007fef461d000 	C:\Windows\system32\OPENGL32.dll
0x000007fef44d0000 - 0x000007fef44fd000 	C:\Windows\system32\GLU32.dll
0x000007fef43d0000 - 0x000007fef44c1000 	C:\Windows\system32\DDRAW.dll
0x000007fef43c0000 - 0x000007fef43c8000 	C:\Windows\system32\DCIMAN32.dll
0x000000005cc80000 - 0x000000005cd49000 	C:\Windows\WinSxS\amd64_microsoft.vc80.crt_1fc8b3b9a1e18e3b_8.0.50727.6195_none_88e41e092fab0294\MSVCR80.dll
0x0000000061680000 - 0x00000000616c7000 	C:\Program Files\Java\jre1.8.0_31\bin\fontmanager.dll
0x0000000063620000 - 0x0000000063627000 	C:\Program Files\Java\jre1.8.0_31\bin\jawt.dll
0x0000000001d80000 - 0x0000000001d87000 	C:\Users\alex\workspace\lib\jogl_awt.dll
0x000007fefa970000 - 0x000007fefa988000 	C:\Windows\system32\atig6pxx.dll
0x00000000616d0000 - 0x000000006327e000 	C:\Windows\system32\atio6axx.dll
0x000007feed730000 - 0x000007feed868000 	C:\Windows\system32\atiadlxx.dll
0x000007fefc140000 - 0x000007fefc26c000 	C:\Windows\system32\PROPSYS.dll
0x000007fefd930000 - 0x000007fefd94e000 	C:\Windows\system32\USERENV.dll
0x000007fefca50000 - 0x000007fefca61000 	C:\Windows\system32\WTSAPI32.dll
0x000007fefb500000 - 0x000007fefb527000 	C:\Windows\system32\IPHLPAPI.DLL
0x000007fefb4e0000 - 0x000007fefb4eb000 	C:\Windows\system32\WINNSI.DLL
0x000007fef86c0000 - 0x000007fef86e9000 	C:\Windows\system32\atig6txx.dll
0x000007fee2fc0000 - 0x000007fee30e5000 	C:\Windows\system32\dbghelp.dll

VM Arguments:
jvm_args: -Djava.library.path=C:\Users\alex\workspace\lib;C:\Users\alex\workspace\lib;C:\Users\alex\workspace\lib -Dfile.encoding=Cp1252 
java_command: MainFrame
java_class_path (initial): C:\Users\alex\workspace\dank-game;C:\Users\alex\workspace\lib\gluegen-rt.jar;C:\Users\alex\workspace\lib\jogl.jar;C:\Users\alex\workspace\lib\vecmath.jar
Launcher Type: SUN_STANDARD

Environment Variables:
PATH=C:/Program Files/Java/jre1.8.0_31/bin/server;C:/Program Files/Java/jre1.8.0_31/bin;C:/Program Files/Java/jre1.8.0_31/lib/amd64;C:\Program Files\Common Files\Microsoft Shared\Windows Live;C:\Program Files (x86)\Common Files\Microsoft Shared\Windows Live;C:\Program Files (x86)\NVIDIA Corporation\PhysX\Common;C:\ProgramData\Oracle\Java\javapath;C:\Program Files (x86)\Intel\iCLS Client\;C:\Program Files\Intel\iCLS Client\;C:\Windows\system32;C:\Windows;C:\Windows\System32\Wbem;C:\Windows\System32\WindowsPowerShell\v1.0\;C:\Program Files (x86)\ATI Technologies\ATI.ACE\Core-Static;C:\Program Files (x86)\AMD\ATI.ACE\Core-Static;C:\Program Files (x86)\Windows Live\Shared;C:\Users\alex\Downloads\eclipse-java-luna-SR1a-win32-x86_64\eclipse;
USERNAME=alex
OS=Windows_NT
PROCESSOR_IDENTIFIER=Intel64 Family 6 Model 42 Stepping 7, GenuineIntel



---------------  S Y S T E M  ---------------

OS: Windows 7 , 64 bit Build 7601 Service Pack 1

CPU:total 4 (4 cores per cpu, 2 threads per core) family 6 model 42 stepping 7, cmov, cx8, fxsr, mmx, sse, sse2, sse3, ssse3, sse4.1, sse4.2, popcnt, avx, aes, clmul, ht, tsc, tscinvbit

Memory: 4k page, physical 8368632k(5331360k free), swap 16735412k(13156928k free)

vm_info: Java HotSpot(TM) 64-Bit Server VM (25.31-b07) for windows-amd64 JRE (1.8.0_31-b13), built on Dec 17 2014 21:00:28 by "java_re" with MS VC++ 10.0 (VS2010)

time: Tue Apr 28 14:59:56 2015
elapsed time: 0 seconds (0d 0h 0m 0s)

